<?xml version="1.0" encoding="UTF-8"?>
<!-- Generated by org.testng.reporters.JUnitReportReporter -->
<testsuite hostname="DESKTOP-8JN2AJV" failures="0" tests="1" name="Automation.Capturescreenshot" time="17.924" errors="0" timestamp="2019-11-13T01:47:02 GMT-08:00" skipped="0">
  <testcase classname="Automation.Capturescreenshot" name="testmethod1" time="17.924"/>
</testsuite> <!-- Automation.Capturescreenshot -->
