<?xml version="1.0" encoding="UTF-8"?>
<!-- Generated by org.testng.reporters.JUnitReportReporter -->
<testsuite hostname="DESKTOP-8JN2AJV" failures="0" tests="1" name="Automation.AssertEquals" time="12.516" errors="0" timestamp="2019-11-12T04:00:39 GMT-08:00" skipped="0">
  <testcase classname="Automation.AssertEquals" name="VerifyTitle" time="12.516"/>
</testsuite> <!-- Automation.AssertEquals -->
