<?xml version="1.0" encoding="UTF-8"?>
<!-- Generated by org.testng.reporters.JUnitReportReporter -->
<testsuite hostname="DESKTOP-8JN2AJV" failures="0" tests="1" name="Automation.tours.Mainclass" time="49.866" errors="0" timestamp="2019-11-15T01:27:55 GMT-08:00" skipped="0">
  <testcase classname="Automation.tours.Mainclass" name="BookaTicket" time="49.866"/>
</testsuite> <!-- Automation.tours.Mainclass -->
