<?xml version="1.0" encoding="UTF-8"?>
<!-- Generated by org.testng.reporters.JUnitReportReporter -->
<testsuite hostname="DESKTOP-8JN2AJV" failures="0" tests="1" name="Automation.Orangemain.CreateEmployee" time="11.901" errors="0" timestamp="2019-11-15T06:52:21 GMT-08:00" skipped="0">
  <testcase classname="Automation.Orangemain.CreateEmployee" name="createEmployee" time="11.901"/>
</testsuite> <!-- Automation.Orangemain.CreateEmployee -->
