<?xml version="1.0" encoding="UTF-8"?>
<!-- Generated by org.testng.reporters.JUnitReportReporter -->
<testsuite hostname="DESKTOP-8JN2AJV" failures="0" tests="1" name="Automation.Testngclass1" time="42.842" errors="0" timestamp="2019-11-12T02:46:49 GMT-08:00" skipped="0">
  <testcase classname="Automation.Testngclass1" name="Bookaticket" time="42.842"/>
</testsuite> <!-- Automation.Testngclass1 -->
